Dec 29 2022 21:40:52
{"Number":8192,"Message":"rtrim(): Passing null to parameter #1 ($string) of type string is deprecated","File":"C:\\xampp\\htdocs\\gastritis\\wp-includes\\formatting.php","Line":2785}

Dec 29 2022 21:40:52
{"Number":8192,"Message":"rtrim(): Passing null to parameter #1 ($string) of type string is deprecated","File":"C:\\xampp\\htdocs\\gastritis\\wp-includes\\formatting.php","Line":2785}

Dec 29 2022 21:40:52
{"Number":8192,"Message":"rtrim(): Passing null to parameter #1 ($string) of type string is deprecated","File":"C:\\xampp\\htdocs\\gastritis\\wp-includes\\formatting.php","Line":2785}

Dec 29 2022 21:40:52
{"Number":8192,"Message":"rtrim(): Passing null to parameter #1 ($string) of type string is deprecated","File":"C:\\xampp\\htdocs\\gastritis\\wp-includes\\formatting.php","Line":2785}

Dec 29 2022 21:40:52
{"Number":8192,"Message":"rtrim(): Passing null to parameter #1 ($string) of type string is deprecated","File":"C:\\xampp\\htdocs\\gastritis\\wp-includes\\formatting.php","Line":2785}

Dec 29 2022 21:40:52
{"Number":8192,"Message":"rtrim(): Passing null to parameter #1 ($string) of type string is deprecated","File":"C:\\xampp\\htdocs\\gastritis\\wp-includes\\formatting.php","Line":2785}

Dec 29 2022 21:40:52
{"Number":8192,"Message":"rtrim(): Passing null to parameter #1 ($string) of type string is deprecated","File":"C:\\xampp\\htdocs\\gastritis\\wp-includes\\formatting.php","Line":2785}

Dec 29 2022 21:40:52
{"Number":8192,"Message":"rtrim(): Passing null to parameter #1 ($string) of type string is deprecated","File":"C:\\xampp\\htdocs\\gastritis\\wp-includes\\formatting.php","Line":2785}

Dec 29 2022 21:40:52
{"Number":8192,"Message":"rtrim(): Passing null to parameter #1 ($string) of type string is deprecated","File":"C:\\xampp\\htdocs\\gastritis\\wp-includes\\formatting.php","Line":2785}

Dec 29 2022 21:40:52
{"Number":8192,"Message":"rtrim(): Passing null to parameter #1 ($string) of type string is deprecated","File":"C:\\xampp\\htdocs\\gastritis\\wp-includes\\formatting.php","Line":2785}

Dec 29 2022 21:40:52
{"Number":8192,"Message":"rtrim(): Passing null to parameter #1 ($string) of type string is deprecated","File":"C:\\xampp\\htdocs\\gastritis\\wp-includes\\formatting.php","Line":2785}

Dec 29 2022 21:40:52
{"Number":8192,"Message":"rtrim(): Passing null to parameter #1 ($string) of type string is deprecated","File":"C:\\xampp\\htdocs\\gastritis\\wp-includes\\formatting.php","Line":2785}

Dec 29 2022 21:40:52
{"Number":8192,"Message":"rtrim(): Passing null to parameter #1 ($string) of type string is deprecated","File":"C:\\xampp\\htdocs\\gastritis\\wp-includes\\formatting.php","Line":2785}

Dec 29 2022 21:40:52
{"Number":8192,"Message":"rtrim(): Passing null to parameter #1 ($string) of type string is deprecated","File":"C:\\xampp\\htdocs\\gastritis\\wp-includes\\formatting.php","Line":2785}

Dec 29 2022 21:40:52
{"Number":8192,"Message":"rtrim(): Passing null to parameter #1 ($string) of type string is deprecated","File":"C:\\xampp\\htdocs\\gastritis\\wp-includes\\formatting.php","Line":2785}

Dec 29 2022 21:40:52
{"Number":8192,"Message":"rtrim(): Passing null to parameter #1 ($string) of type string is deprecated","File":"C:\\xampp\\htdocs\\gastritis\\wp-includes\\formatting.php","Line":2785}

Dec 29 2022 21:40:52
{"Number":8192,"Message":"rtrim(): Passing null to parameter #1 ($string) of type string is deprecated","File":"C:\\xampp\\htdocs\\gastritis\\wp-includes\\formatting.php","Line":2785}

Dec 29 2022 21:40:52
{"Number":8192,"Message":"rtrim(): Passing null to parameter #1 ($string) of type string is deprecated","File":"C:\\xampp\\htdocs\\gastritis\\wp-includes\\formatting.php","Line":2785}

Dec 29 2022 21:40:52
{"Number":8192,"Message":"rtrim(): Passing null to parameter #1 ($string) of type string is deprecated","File":"C:\\xampp\\htdocs\\gastritis\\wp-includes\\formatting.php","Line":2785}

Dec 29 2022 21:40:52
{"Number":8192,"Message":"rtrim(): Passing null to parameter #1 ($string) of type string is deprecated","File":"C:\\xampp\\htdocs\\gastritis\\wp-includes\\formatting.php","Line":2785}

Dec 29 2022 21:40:52
{"Number":8192,"Message":"rtrim(): Passing null to parameter #1 ($string) of type string is deprecated","File":"C:\\xampp\\htdocs\\gastritis\\wp-includes\\formatting.php","Line":2785}

Dec 29 2022 21:40:52
{"Number":8192,"Message":"rtrim(): Passing null to parameter #1 ($string) of type string is deprecated","File":"C:\\xampp\\htdocs\\gastritis\\wp-includes\\formatting.php","Line":2785}

Dec 29 2022 21:40:52
{"Number":8192,"Message":"rtrim(): Passing null to parameter #1 ($string) of type string is deprecated","File":"C:\\xampp\\htdocs\\gastritis\\wp-includes\\formatting.php","Line":2785}

Dec 29 2022 21:40:52
{"Number":8192,"Message":"rtrim(): Passing null to parameter #1 ($string) of type string is deprecated","File":"C:\\xampp\\htdocs\\gastritis\\wp-includes\\formatting.php","Line":2785}

Dec 29 2022 21:40:52
{"Number":8192,"Message":"rtrim(): Passing null to parameter #1 ($string) of type string is deprecated","File":"C:\\xampp\\htdocs\\gastritis\\wp-includes\\formatting.php","Line":2785}

Dec 29 2022 21:40:52
{"Number":8192,"Message":"rtrim(): Passing null to parameter #1 ($string) of type string is deprecated","File":"C:\\xampp\\htdocs\\gastritis\\wp-includes\\formatting.php","Line":2785}

Dec 29 2022 21:40:52
{"Number":8192,"Message":"rtrim(): Passing null to parameter #1 ($string) of type string is deprecated","File":"C:\\xampp\\htdocs\\gastritis\\wp-includes\\formatting.php","Line":2785}

Dec 29 2022 21:40:52
{"Number":8192,"Message":"rtrim(): Passing null to parameter #1 ($string) of type string is deprecated","File":"C:\\xampp\\htdocs\\gastritis\\wp-includes\\formatting.php","Line":2785}

Dec 29 2022 21:40:52
{"Number":8192,"Message":"rtrim(): Passing null to parameter #1 ($string) of type string is deprecated","File":"C:\\xampp\\htdocs\\gastritis\\wp-includes\\formatting.php","Line":2785}

Dec 29 2022 21:40:52
{"Number":8192,"Message":"rtrim(): Passing null to parameter #1 ($string) of type string is deprecated","File":"C:\\xampp\\htdocs\\gastritis\\wp-includes\\formatting.php","Line":2785}

Dec 29 2022 21:40:54
{"type":8192,"message":"Return type of Requests_Utility_CaseInsensitiveDictionary::getIterator() should either be compatible with IteratorAggregate::getIterator(): Traversable, or the #[\\ReturnTypeWillChange] attribute should be used to temporarily suppress the notice","file":"C:\\xampp\\htdocs\\gastritis\\wp-includes\\Requests\\Utility\\CaseInsensitiveDictionary.php","line":91}

Dec 29 2022 21:40:55
{"type":2,"message":"opendir(C:\\xampp\\htdocs\\gastritis\/wp-content\/uploads\/et_temp): Failed to open directory: No such file or directory","file":"C:\\xampp\\htdocs\\gastritis\\wp-content\\themes\\Divi\\epanel\\custom_functions.php","line":1368}

Dec 29 2022 21:40:57
{"type":2,"message":"The magic method WP_Hotjar::__wakeup() must have public visibility","file":"C:\\xampp\\htdocs\\gastritis\\wp-content\\plugins\\hotjar\\hotjar.php","line":50}

